Performing C SOURCE FILE Test _GLFW_HAS_64ASLR failed with the following output:
Change Dir: C:/Android/Repos/opengl_game/cmake-build-debug/CMakeFiles/CMakeTmp

Run Build Command(s):C:/PROGRA~2/MINGW-~1/I686-8~1.0-P/mingw32/bin/mingw32-make.exe cmTC_f223c/fast 
C:/PROGRA~2/MINGW-~1/I686-8~1.0-P/mingw32/bin/mingw32-make.exe -f CMakeFiles\cmTC_f223c.dir\build.make CMakeFiles/cmTC_f223c.dir/build
mingw32-make.exe[1]: Entering directory 'C:/Android/Repos/opengl_game/cmake-build-debug/CMakeFiles/CMakeTmp'
Building C object CMakeFiles/cmTC_f223c.dir/src.c.obj
C:\PROGRA~2\MINGW-~1\I686-8~1.0-P\mingw32\bin\gcc.exe   -D_GLFW_HAS_64ASLR -Wl,--high-entropy-va   -o CMakeFiles\cmTC_f223c.dir\src.c.obj   -c C:\Android\Repos\opengl_game\cmake-build-debug\CMakeFiles\CMakeTmp\src.c
Linking C executable cmTC_f223c.exe
"C:\Program Files\JetBrains\CLion 2019.2.1\bin\cmake\win\bin\cmake.exe" -E cmake_link_script CMakeFiles\cmTC_f223c.dir\link.txt --verbose=1
"C:\Program Files\JetBrains\CLion 2019.2.1\bin\cmake\win\bin\cmake.exe" -E remove -f CMakeFiles\cmTC_f223c.dir/objects.a
C:\PROGRA~2\MINGW-~1\I686-8~1.0-P\mingw32\bin\ar.exe cr CMakeFiles\cmTC_f223c.dir/objects.a @CMakeFiles\cmTC_f223c.dir\objects1.rsp
C:\PROGRA~2\MINGW-~1\I686-8~1.0-P\mingw32\bin\gcc.exe  -D_GLFW_HAS_64ASLR -Wl,--high-entropy-va    -Wl,--whole-archive CMakeFiles\cmTC_f223c.dir/objects.a -Wl,--no-whole-archive  -o cmTC_f223c.exe -Wl,--out-implib,libcmTC_f223c.dll.a -Wl,--major-image-version,0,--minor-image-version,0 @CMakeFiles\cmTC_f223c.dir\linklibs.rsp
C:/PROGRA~2/MINGW-~1/I686-8~1.0-P/mingw32/bin/../lib/gcc/i686-w64-mingw32/8.1.0/../../../../i686-w64-mingw32/bin/ld.exe: unrecognized option '--high-entropy-va'
C:/PROGRA~2/MINGW-~1/I686-8~1.0-P/mingw32/bin/../lib/gcc/i686-w64-mingw32/8.1.0/../../../../i686-w64-mingw32/bin/ld.exe: use the --help option for usage information
collect2.exe: error: ld returned 1 exit status
mingw32-make.exe[1]: *** [CMakeFiles\cmTC_f223c.dir\build.make:88: cmTC_f223c.exe] Error 1
mingw32-make.exe[1]: Leaving directory 'C:/Android/Repos/opengl_game/cmake-build-debug/CMakeFiles/CMakeTmp'
mingw32-make.exe: *** [Makefile:120: cmTC_f223c/fast] Error 2

Source file was:
int main(void) { return 0; }
